<?xml version="1.0" encoding="UTF-8"?>
<!-- Generated by org.testng.reporters.JUnitReportReporter -->
<testsuite hostname="DESKTOP-FUD79OP" name="TestNGDemo.TestNgBasics" tests="3" failures="0" timestamp="17 Sep 2019 05:19:04 GMT" time="0.016" errors="0">
  <testcase name="googleLogoTest" time="0.004" classname="TestNGDemo.TestNgBasics"/>
  <testcase name="searchTest" time="0.008" classname="TestNGDemo.TestNgBasics"/>
  <testcase name="googleTitleTest" time="0.004" classname="TestNGDemo.TestNgBasics"/>
</testsuite> <!-- TestNGDemo.TestNgBasics -->
