<?xml version="1.0" encoding="UTF-8"?>
<!-- Generated by org.testng.reporters.JUnitReportReporter -->
<testsuite hostname="DESKTOP-FUD79OP" name="TestNGDemo.InvocationCountTest" tests="10" failures="0" timestamp="17 Sep 2019 05:19:04 GMT" time="0.047" errors="0">
  <testcase name="sum" time="0.004" classname="TestNGDemo.InvocationCountTest"/>
  <testcase name="sum" time="0.004" classname="TestNGDemo.InvocationCountTest"/>
  <testcase name="sum" time="0.003" classname="TestNGDemo.InvocationCountTest"/>
  <testcase name="sum" time="0.004" classname="TestNGDemo.InvocationCountTest"/>
  <testcase name="sum" time="0.012" classname="TestNGDemo.InvocationCountTest"/>
  <testcase name="sum" time="0.004" classname="TestNGDemo.InvocationCountTest"/>
  <testcase name="sum" time="0.000" classname="TestNGDemo.InvocationCountTest"/>
  <testcase name="sum" time="0.008" classname="TestNGDemo.InvocationCountTest"/>
  <testcase name="sum" time="0.004" classname="TestNGDemo.InvocationCountTest"/>
  <testcase name="sum" time="0.004" classname="TestNGDemo.InvocationCountTest"/>
</testsuite> <!-- TestNGDemo.InvocationCountTest -->
