<?xml version="1.0" encoding="UTF-8"?>
<!-- Generated by org.testng.reporters.JUnitReportReporter -->
<testsuite hostname="DESKTOP-FUD79OP" name="TestNGDemo.ExceptionTimeOutTest" tests="1" failures="0" timestamp="17 Sep 2019 05:19:04 GMT" time="0.028" errors="0">
  <testcase name="test1" time="0.028" classname="TestNGDemo.ExceptionTimeOutTest"/>
</testsuite> <!-- TestNGDemo.ExceptionTimeOutTest -->
