<?xml version="1.0" encoding="UTF-8"?>
<!-- Generated by org.testng.reporters.JUnitReportReporter -->
<testsuite hostname="DESKTOP-FUD79OP" name="TestNGDemo.TestNgFeatures" tests="4" failures="0" timestamp="17 Sep 2019 05:19:04 GMT" time="0.020" errors="0">
  <testcase name="loginTest" time="0.008" classname="TestNGDemo.TestNgFeatures"/>
  <testcase name="HomePageTest" time="0.004" classname="TestNGDemo.TestNgFeatures"/>
  <testcase name="RegPageTest" time="0.004" classname="TestNGDemo.TestNgFeatures"/>
  <testcase name="SearchPageTest" time="0.004" classname="TestNGDemo.TestNgFeatures"/>
</testsuite> <!-- TestNGDemo.TestNgFeatures -->
