<?xml version="1.0" encoding="UTF-8"?>
<!-- Generated by org.testng.reporters.JUnitReportReporter -->
<testsuite skipped="0" hostname="DESKTOP-FUD79OP" name="TestNGDemo.TestNgFeatures" tests="1" failures="0" timestamp="17 Sep 2019 06:04:14 GMT" time="0.003" errors="0">
  <testcase name="loginTest" time="0.003" classname="TestNGDemo.TestNgFeatures"/>
</testsuite> <!-- TestNGDemo.TestNgFeatures -->
