<?xml version="1.0" encoding="UTF-8"?>
<!-- Generated by org.testng.reporters.JUnitReportReporter -->
<testsuite skipped="0" hostname="DESKTOP-FUD79OP" name="TestNGDemo.InvocationCountTest" tests="10" failures="0" timestamp="17 Sep 2019 06:04:14 GMT" time="0.020" errors="0">
  <testcase name="sum" time="0.000" classname="TestNGDemo.InvocationCountTest"/>
  <testcase name="sum" time="0.004" classname="TestNGDemo.InvocationCountTest"/>
  <testcase name="sum" time="0.004" classname="TestNGDemo.InvocationCountTest"/>
  <testcase name="sum" time="0.000" classname="TestNGDemo.InvocationCountTest"/>
  <testcase name="sum" time="0.004" classname="TestNGDemo.InvocationCountTest"/>
  <testcase name="sum" time="0.004" classname="TestNGDemo.InvocationCountTest"/>
  <testcase name="sum" time="0.000" classname="TestNGDemo.InvocationCountTest"/>
  <testcase name="sum" time="0.000" classname="TestNGDemo.InvocationCountTest"/>
  <testcase name="sum" time="0.000" classname="TestNGDemo.InvocationCountTest"/>
  <testcase name="sum" time="0.004" classname="TestNGDemo.InvocationCountTest"/>
</testsuite> <!-- TestNGDemo.InvocationCountTest -->
