<?xml version="1.0" encoding="UTF-8"?>
<!-- Generated by org.testng.reporters.JUnitReportReporter -->
<testsuite skipped="0" hostname="DESKTOP-FUD79OP" name="TestNGDemo.TestNgBasics" tests="3" failures="0" timestamp="17 Sep 2019 06:04:14 GMT" time="0.014" errors="0">
  <testcase name="searchTest" time="0.002" classname="TestNGDemo.TestNgBasics"/>
  <testcase name="googleLogoTest" time="0.008" classname="TestNGDemo.TestNgBasics"/>
  <testcase name="googleTitleTest" time="0.004" classname="TestNGDemo.TestNgBasics"/>
</testsuite> <!-- TestNGDemo.TestNgBasics -->
